  LinkedListsHosts.c
  IpAccounting.c
c:\users\runtereg\data\ruben\code\minary\tools\ipaccounting\linkedlisthosts.h(8): warning C4005: 'MAX_IP_LEN': macro redefinition
  c:\users\runtereg\data\ruben\code\minary\tools\ipaccounting\ipaccounting.h(26): note: see previous definition of 'MAX_IP_LEN'
  GeneralFunctions.c
c:\users\runtereg\data\ruben\code\minary\tools\ipaccounting\generalfunctions.c(220): warning C4996: 'inet_addr': Use inet_pton() or InetPton() instead or define _WINSOCK_DEPRECATED_NO_WARNINGS to disable deprecated API warnings
  c:\program files (x86)\windows kits\8.1\include\um\winsock2.h(1850): note: see declaration of 'inet_addr'
c:\users\runtereg\data\ruben\code\minary\tools\ipaccounting\generalfunctions.c(224): warning C4996: 'inet_addr': Use inet_pton() or InetPton() instead or define _WINSOCK_DEPRECATED_NO_WARNINGS to disable deprecated API warnings
  c:\program files (x86)\windows kits\8.1\include\um\winsock2.h(1850): note: see declaration of 'inet_addr'
c:\users\runtereg\data\ruben\code\minary\tools\ipaccounting\generalfunctions.c(228): warning C4996: 'inet_addr': Use inet_pton() or InetPton() instead or define _WINSOCK_DEPRECATED_NO_WARNINGS to disable deprecated API warnings
  c:\program files (x86)\windows kits\8.1\include\um\winsock2.h(1850): note: see declaration of 'inet_addr'
c:\users\runtereg\data\ruben\code\minary\tools\ipaccounting\generalfunctions.c(183): warning C4101: 'lGWMACAddr': unreferenced local variable
c:\users\runtereg\data\ruben\code\minary\tools\ipaccounting\generalfunctions.c(454): warning C4996: 'inet_addr': Use inet_pton() or InetPton() instead or define _WINSOCK_DEPRECATED_NO_WARNINGS to disable deprecated API warnings
  c:\program files (x86)\windows kits\8.1\include\um\winsock2.h(1850): note: see declaration of 'inet_addr'
  AccountingSource.c
c:\users\runtereg\data\ruben\code\minary\tools\ipaccounting\linkedlisthosts.h(8): warning C4005: 'MAX_IP_LEN': macro redefinition
  c:\users\runtereg\data\ruben\code\minary\tools\ipaccounting\ipaccounting.h(26): note: see previous definition of 'MAX_IP_LEN'
c:\users\runtereg\data\ruben\code\minary\tools\ipaccounting\accountingsource.c(221): warning C4047: '==': 'int' differs in levels of indirection from 'void *'
c:\users\runtereg\data\ruben\code\minary\tools\ipaccounting\accountingsource.c(256): warning C4047: '==': 'int' differs in levels of indirection from 'void *'
c:\users\runtereg\data\ruben\code\minary\tools\ipaccounting\accountingsource.c(191): warning C4101: 'lService': unreferenced local variable
  AccountingProtocol.c
c:\users\runtereg\data\ruben\code\minary\tools\ipaccounting\accountingprotocol.c(329): warning C4101: 'lTemp': unreferenced local variable
  AccountingDestination.c
c:\users\runtereg\data\ruben\code\minary\tools\ipaccounting\linkedlisthosts.h(8): warning C4005: 'MAX_IP_LEN': macro redefinition
  c:\users\runtereg\data\ruben\code\minary\tools\ipaccounting\ipaccounting.h(26): note: see previous definition of 'MAX_IP_LEN'
c:\users\runtereg\data\ruben\code\minary\tools\ipaccounting\accountingdestination.c(222): warning C4047: '==': 'int' differs in levels of indirection from 'void *'
c:\users\runtereg\data\ruben\code\minary\tools\ipaccounting\accountingdestination.c(256): warning C4047: '==': 'int' differs in levels of indirection from 'void *'
c:\users\runtereg\data\ruben\code\minary\tools\ipaccounting\accountingdestination.c(194): warning C4101: 'lService': unreferenced local variable
  Generating Code...
AccountingDestination.obj : warning LNK4075: ignoring '/EDITANDCONTINUE' due to '/OPT:LBR' specification
  IpAccounting.vcxproj -> C:\Users\runtereg\Data\Ruben\Code\Minary\Tools\IpAccounting\Debug\IpAccounting.exe
  IpAccounting.vcxproj -> Debug\IpAccounting.pdb (Full PDB)
