c:\users\runtereg\data\ruben\code\minary\tools\ape\debug\vc140.pdb
c:\users\runtereg\data\ruben\code\minary\tools\ape\debug\vc140.idb
c:\users\runtereg\data\ruben\code\minary\tools\ape\debug\arpdepoisoning.obj
c:\users\runtereg\data\ruben\code\minary\tools\ape\debug\ape.obj
c:\users\runtereg\data\ruben\code\minary\tools\ape\debug\arppoisoning.obj
c:\users\runtereg\data\ruben\code\minary\tools\ape\debug\dnsparser.obj
c:\users\runtereg\data\ruben\code\minary\tools\ape\debug\dnspoisoning.obj
c:\users\runtereg\data\ruben\code\minary\tools\ape\debug\dnsresponsepoisoning.obj
c:\users\runtereg\data\ruben\code\minary\tools\ape\debug\getopt.obj
c:\users\runtereg\data\ruben\code\minary\tools\ape\debug\httpinjection.obj
c:\users\runtereg\data\ruben\code\minary\tools\ape\debug\interface.obj
c:\users\runtereg\data\ruben\code\minary\tools\ape\debug\linkedlistfirewallrules.obj
c:\users\runtereg\data\ruben\code\minary\tools\ape\debug\linkedlistspoofeddnshosts.obj
c:\users\runtereg\data\ruben\code\minary\tools\ape\debug\linkedlisthttpinjections.obj
c:\users\runtereg\data\ruben\code\minary\tools\ape\debug\linkedlistsystems.obj
c:\users\runtereg\data\ruben\code\minary\tools\ape\debug\networkfunctions.obj
c:\users\runtereg\data\ruben\code\minary\tools\ape\debug\packetcrafter.obj
c:\users\runtereg\data\ruben\code\minary\tools\ape\debug\packetproxy.obj
c:\users\runtereg\data\ruben\code\minary\tools\ape\debug\requestspoofingpacketcrafter.obj
c:\users\runtereg\data\ruben\code\minary\tools\ape\debug\slre.obj
c:\users\runtereg\data\ruben\code\minary\tools\ape\debug\bin\ape.exe
c:\users\runtereg\data\ruben\code\minary\tools\ape\debug\bin\ape.pdb
c:\users\runtereg\data\ruben\code\minary\tools\ape\debug\ape.tlog\cl.command.1.tlog
c:\users\runtereg\data\ruben\code\minary\tools\ape\debug\ape.tlog\cl.read.1.tlog
c:\users\runtereg\data\ruben\code\minary\tools\ape\debug\ape.tlog\cl.write.1.tlog
c:\users\runtereg\data\ruben\code\minary\tools\ape\debug\ape.tlog\link.command.1.tlog
c:\users\runtereg\data\ruben\code\minary\tools\ape\debug\ape.tlog\link.read.1.tlog
c:\users\runtereg\data\ruben\code\minary\tools\ape\debug\ape.tlog\link.write.1.tlog
