c:\users\runtereg\data\ruben\code\minary\ape\release\vc140.pdb
c:\users\runtereg\data\ruben\code\minary\ape\release\slre.obj
c:\users\runtereg\data\ruben\code\minary\ape\release\requestspoofingpacketcrafter.obj
c:\users\runtereg\data\ruben\code\minary\ape\release\packetproxy.obj
c:\users\runtereg\data\ruben\code\minary\ape\release\packetcrafter.obj
c:\users\runtereg\data\ruben\code\minary\ape\release\networkfunctions.obj
c:\users\runtereg\data\ruben\code\minary\ape\release\linkedlistsystems.obj
c:\users\runtereg\data\ruben\code\minary\ape\release\linkedlisthttpinjections.obj
c:\users\runtereg\data\ruben\code\minary\ape\release\linkedlistspoofeddnshosts.obj
c:\users\runtereg\data\ruben\code\minary\ape\release\linkedlistfwrules.obj
c:\users\runtereg\data\ruben\code\minary\ape\release\interface.obj
c:\users\runtereg\data\ruben\code\minary\ape\release\httpinjection.obj
c:\users\runtereg\data\ruben\code\minary\ape\release\getopt.obj
c:\users\runtereg\data\ruben\code\minary\ape\release\dnsresponsepoisoning.obj
c:\users\runtereg\data\ruben\code\minary\ape\release\dnspoisoning.obj
c:\users\runtereg\data\ruben\code\minary\ape\release\dnsparser.obj
c:\users\runtereg\data\ruben\code\minary\ape\release\arppoisoning.obj
c:\users\runtereg\data\ruben\code\minary\ape\release\ape.obj
c:\users\runtereg\data\ruben\code\minary\ape\release\arpdepoisoning.obj
c:\users\runtereg\data\ruben\code\minary\ape\release\bin\ape.exe
c:\users\runtereg\data\ruben\code\minary\ape\release\bin\ape.ipdb
c:\users\runtereg\data\ruben\code\minary\ape\release\bin\ape.iobj
c:\users\runtereg\data\ruben\code\minary\ape\release\bin\ape.pdb
c:\users\runtereg\data\ruben\code\minary\ape\release\ape.tlog\cl.command.1.tlog
c:\users\runtereg\data\ruben\code\minary\ape\release\ape.tlog\cl.read.1.tlog
c:\users\runtereg\data\ruben\code\minary\ape\release\ape.tlog\cl.write.1.tlog
c:\users\runtereg\data\ruben\code\minary\ape\release\ape.tlog\link.command.1.tlog
c:\users\runtereg\data\ruben\code\minary\ape\release\ape.tlog\link.read.1.tlog
c:\users\runtereg\data\ruben\code\minary\ape\release\ape.tlog\link.write.1.tlog
