  ARPDepoisoning.c
ARPDepoisoning.c(87): warning C4133: 'function': incompatible types - from 'unsigned int [6]' to 'unsigned char *'
ARPDepoisoning.c(88): warning C4133: 'function': incompatible types - from 'unsigned int [4]' to 'unsigned char *'
  APE.c
APE.c(134): warning C4013: 'getopt' undefined; assuming extern returning int
  ARPPoisoning.c
  DnsParser.c
  DNSPoisoning.c
  DNSResponsePoisoning.c
  getopt.c
  HTTPInjection.c
  Interface.c
  LinkedListFWRules.c
LinkedListFWRules.c(64): warning C4029: declared formal parameter list different from definition
  LinkedListSpoofedDNSHosts.c
  LinkedListHTTPInjections.c
  LinkedListSystems.c
  NetworkFunctions.c
NetworkFunctions.c(49): warning C4477: 'sscanf' : format string '%02X' requires an argument of type 'unsigned int *', but variadic argument 1 has type 'unsigned char *'
  NetworkFunctions.c(49): note: consider using '%hhX' in the format string
NetworkFunctions.c(49): warning C4477: 'sscanf' : format string '%02X' requires an argument of type 'unsigned int *', but variadic argument 2 has type 'unsigned char *'
  NetworkFunctions.c(49): note: consider using '%hhX' in the format string
NetworkFunctions.c(49): warning C4477: 'sscanf' : format string '%02X' requires an argument of type 'unsigned int *', but variadic argument 3 has type 'unsigned char *'
  NetworkFunctions.c(49): note: consider using '%hhX' in the format string
NetworkFunctions.c(49): warning C4477: 'sscanf' : format string '%02X' requires an argument of type 'unsigned int *', but variadic argument 4 has type 'unsigned char *'
  NetworkFunctions.c(49): note: consider using '%hhX' in the format string
NetworkFunctions.c(49): warning C4477: 'sscanf' : format string '%02X' requires an argument of type 'unsigned int *', but variadic argument 5 has type 'unsigned char *'
  NetworkFunctions.c(49): note: consider using '%hhX' in the format string
NetworkFunctions.c(49): warning C4477: 'sscanf' : format string '%02X' requires an argument of type 'unsigned int *', but variadic argument 6 has type 'unsigned char *'
  NetworkFunctions.c(49): note: consider using '%hhX' in the format string
NetworkFunctions.c(50): warning C4477: 'sscanf' : format string '%02X' requires an argument of type 'unsigned int *', but variadic argument 1 has type 'unsigned char *'
  NetworkFunctions.c(50): note: consider using '%hhX' in the format string
NetworkFunctions.c(50): warning C4477: 'sscanf' : format string '%02X' requires an argument of type 'unsigned int *', but variadic argument 2 has type 'unsigned char *'
  NetworkFunctions.c(50): note: consider using '%hhX' in the format string
NetworkFunctions.c(50): warning C4477: 'sscanf' : format string '%02X' requires an argument of type 'unsigned int *', but variadic argument 3 has type 'unsigned char *'
  NetworkFunctions.c(50): note: consider using '%hhX' in the format string
NetworkFunctions.c(50): warning C4477: 'sscanf' : format string '%02X' requires an argument of type 'unsigned int *', but variadic argument 4 has type 'unsigned char *'
  NetworkFunctions.c(50): note: consider using '%hhX' in the format string
NetworkFunctions.c(50): warning C4477: 'sscanf' : format string '%02X' requires an argument of type 'unsigned int *', but variadic argument 5 has type 'unsigned char *'
  NetworkFunctions.c(50): note: consider using '%hhX' in the format string
NetworkFunctions.c(50): warning C4477: 'sscanf' : format string '%02X' requires an argument of type 'unsigned int *', but variadic argument 6 has type 'unsigned char *'
  NetworkFunctions.c(50): note: consider using '%hhX' in the format string
NetworkFunctions.c(74): warning C4477: 'sscanf' : format string '%d' requires an argument of type 'int *', but variadic argument 1 has type 'unsigned char *'
  NetworkFunctions.c(74): note: consider using '%hhd' in the format string
NetworkFunctions.c(74): warning C4477: 'sscanf' : format string '%d' requires an argument of type 'int *', but variadic argument 2 has type 'unsigned char *'
  NetworkFunctions.c(74): note: consider using '%hhd' in the format string
NetworkFunctions.c(74): warning C4477: 'sscanf' : format string '%d' requires an argument of type 'int *', but variadic argument 3 has type 'unsigned char *'
  NetworkFunctions.c(74): note: consider using '%hhd' in the format string
NetworkFunctions.c(74): warning C4477: 'sscanf' : format string '%d' requires an argument of type 'int *', but variadic argument 4 has type 'unsigned char *'
  NetworkFunctions.c(74): note: consider using '%hhd' in the format string
NetworkFunctions.c(131): warning C4047: '!=': 'int' differs in levels of indirection from 'void *'
  PacketCrafter.c
PacketCrafter.c(103): warning C4047: 'function': 'unsigned char *' differs in levels of indirection from 'int'
PacketCrafter.c(103): warning C4024: 'GenerateDNSPacket': different types for formal and actual parameter 2
PacketCrafter.c(103): warning C4047: 'function': 'unsigned short' differs in levels of indirection from 'unsigned char [512]'
PacketCrafter.c(103): warning C4024: 'GenerateDNSPacket': different types for formal and actual parameter 3
PacketCrafter.c(163): warning C4028: formal parameter 2 different from declaration
PacketCrafter.c(163): warning C4028: formal parameter 3 different from declaration
  PacketProxy.c
  RequestSpoofingPacketCrafter.c
  SLRE.c
  Generating code
  All 94 functions were compiled because no usable IPDB/IOBJ from previous compilation was found.
  Finished generating code
  Ape.vcxproj -> C:\Users\runtereg\Data\Ruben\Code\Minary\Ape\Release\bin\Ape.exe
  Ape.vcxproj -> Release\bin\Ape.pdb (Full PDB)
