c:\users\runtereg\data\ruben\code\minary\tools\apesniffer\debug\vc140.pdb
c:\users\runtereg\data\ruben\code\minary\tools\apesniffer\debug\vc140.idb
c:\users\runtereg\data\ruben\code\minary\tools\apesniffer\debug\apesniffer.obj
c:\users\runtereg\data\ruben\code\minary\tools\apesniffer\debug\dnsparser.obj
c:\users\runtereg\data\ruben\code\minary\tools\apesniffer\debug\genericsniffer.obj
c:\users\runtereg\data\ruben\code\minary\tools\apesniffer\debug\getopt.obj
c:\users\runtereg\data\ruben\code\minary\tools\apesniffer\debug\interface.obj
c:\users\runtereg\data\ruben\code\minary\tools\apesniffer\debug\linkedlistconnections.obj
c:\users\runtereg\data\ruben\code\minary\tools\apesniffer\debug\linkedlistsystems.obj
c:\users\runtereg\data\ruben\code\minary\tools\apesniffer\debug\networkfunctions.obj
c:\users\runtereg\data\ruben\code\minary\tools\apesniffer\debug\sniffandevaluate.obj
c:\users\runtereg\data\ruben\code\minary\tools\apesniffer\debug\bin\apesniffer.ilk
c:\users\runtereg\data\ruben\code\minary\tools\apesniffer\debug\bin\apesniffer.exe
c:\users\runtereg\data\ruben\code\minary\tools\apesniffer\debug\bin\apesniffer.pdb
c:\users\runtereg\data\ruben\code\minary\tools\apesniffer\debug\apesniffer.tlog\cl.command.1.tlog
c:\users\runtereg\data\ruben\code\minary\tools\apesniffer\debug\apesniffer.tlog\cl.read.1.tlog
c:\users\runtereg\data\ruben\code\minary\tools\apesniffer\debug\apesniffer.tlog\cl.write.1.tlog
c:\users\runtereg\data\ruben\code\minary\tools\apesniffer\debug\apesniffer.tlog\link.command.1.tlog
c:\users\runtereg\data\ruben\code\minary\tools\apesniffer\debug\apesniffer.tlog\link.read.1.tlog
c:\users\runtereg\data\ruben\code\minary\tools\apesniffer\debug\apesniffer.tlog\link.write.1.tlog
